\BOOKMARK [1][-]{section.1}{Physics Requirements and Technical Specs}{}% 1
\BOOKMARK [1][-]{section.2}{Design}{}% 2
\BOOKMARK [2][-]{subsection.2.1}{Barrel layout and support structure}{section.2}% 3
\BOOKMARK [2][-]{subsection.2.2}{Module design}{section.2}% 4
\BOOKMARK [2][-]{subsection.2.3}{Module Assembly and Quality Assurance \(QA\)}{section.2}% 5
\BOOKMARK [2][-]{subsection.2.4}{Detector integration and commissioning}{section.2}% 6
\BOOKMARK [1][-]{section.3}{Hardware Components and Construction}{}% 7
\BOOKMARK [2][-]{subsection.3.1}{Cooling and air purging system}{section.3}% 8
\BOOKMARK [2][-]{subsection.3.2}{Slow controls and detector monitoring}{section.3}% 9
\BOOKMARK [1][-]{section.4}{Electronics}{}% 10
\BOOKMARK [2][-]{subsection.4.1}{Grounding and shielding}{section.4}% 11
\BOOKMARK [2][-]{subsection.4.2}{Power supplies}{section.4}% 12
\BOOKMARK [1][-]{section.5}{Signals and Readout}{}% 13
\BOOKMARK [2][-]{subsection.5.1}{Front-End Readout Electronics}{section.5}% 14
\BOOKMARK [2][-]{subsection.5.2}{Back-End Readout}{section.5}% 15
\BOOKMARK [2][-]{subsection.5.3}{Expected Noise Performance}{section.5}% 16
\BOOKMARK [1][-]{section.6}{Calibration}{}% 17
\BOOKMARK [1][-]{section.7}{Local reconstruction}{}% 18
\BOOKMARK [1][-]{section.8}{Simulation}{}% 19
\BOOKMARK [2][-]{subsection.8.1}{Detector simulation}{section.8}% 20
\BOOKMARK [2][-]{subsection.8.2}{Backgrounds, energy deposition, dose rates}{section.8}% 21
\BOOKMARK [2][-]{subsection.8.3}{Magnetic Field}{section.8}% 22
\BOOKMARK [1][-]{section.9}{Performance}{}% 23
\BOOKMARK [2][-]{subsection.9.1}{Module testing}{section.9}% 24
\BOOKMARK [2][-]{subsection.9.2}{Integration and system checkout}{section.9}% 25
\BOOKMARK [2][-]{subsection.9.3}{Commissioning with cosmic rays}{section.9}% 26
\BOOKMARK [2][-]{subsection.9.4}{Commissioning with beam}{section.9}% 27
\BOOKMARK [1][-]{section.10}{Conclusions}{}% 28
\BOOKMARK [1][-]{section.11}{Acknowledgements}{}% 29
\BOOKMARK [1][-]{section.12}{References}{}% 30
