This is pdfTeX, Version 3.14159265-2.6-1.40.20 (TeX Live 2019) (preloaded format=pdflatex 2019.8.6)  2 OCT 2019 18:54
entering extended mode
 restricted \write18 enabled.
 %&-line parsing enabled.
**main.tex
(/Users/devita/clas12Nim/ft/main.tex
LaTeX2e <2018-12-01>
(/usr/local/texlive/2019/texmf-dist/tex/latex/elsarticle/elsarticle.cls
Document Class: elsarticle 2019/02/25, 3.2: Elsevier Ltd
\@bls=\dimen102
(/usr/local/texlive/2019/texmf-dist/tex/latex/base/article.cls
Document Class: article 2018/09/03 v1.4i Standard LaTeX document class
(/usr/local/texlive/2019/texmf-dist/tex/latex/base/size10.clo
File: size10.clo 2018/09/03 v1.4i Standard LaTeX file (size option)
)
\c@part=\count80
\c@section=\count81
\c@subsection=\count82
\c@subsubsection=\count83
\c@paragraph=\count84
\c@subparagraph=\count85
\c@figure=\count86
\c@table=\count87
\abovecaptionskip=\skip41
\belowcaptionskip=\skip42
\bibindent=\dimen103
)
(/usr/local/texlive/2019/texmf-dist/tex/latex/graphics/graphicx.sty
Package: graphicx 2017/06/01 v1.1a Enhanced LaTeX Graphics (DPC,SPQR)

(/usr/local/texlive/2019/texmf-dist/tex/latex/graphics/keyval.sty
Package: keyval 2014/10/28 v1.15 key=value parser (DPC)
\KV@toks@=\toks14
)
(/usr/local/texlive/2019/texmf-dist/tex/latex/graphics/graphics.sty
Package: graphics 2017/06/25 v1.2c Standard LaTeX Graphics (DPC,SPQR)

(/usr/local/texlive/2019/texmf-dist/tex/latex/graphics/trig.sty
Package: trig 2016/01/03 v1.10 sin cos tan (DPC)
)
(/usr/local/texlive/2019/texmf-dist/tex/latex/graphics-cfg/graphics.cfg
File: graphics.cfg 2016/06/04 v1.11 sample graphics configuration
)
Package graphics Info: Driver file: pdftex.def on input line 99.

(/usr/local/texlive/2019/texmf-dist/tex/latex/graphics-def/pdftex.def
File: pdftex.def 2018/01/08 v1.0l Graphics/color driver for pdftex
))
\Gin@req@height=\dimen104
\Gin@req@width=\dimen105
)
\c@tnote=\count88
\c@fnote=\count89
\c@cnote=\count90
\c@ead=\count91
\c@author=\count92
\@eadauthor=\toks15
\c@affn=\count93
\absbox=\box27
\elsarticlehighlightsbox=\box28
\elsarticlegrabsbox=\box29
\keybox=\box30
\Columnwidth=\dimen106
\space@left=\dimen107
\els@boxa=\box31
\els@boxb=\box32
\leftMargin=\dimen108
\@enLab=\toks16
\@sep=\skip43
\@@sep=\skip44

(/Users/devita/clas12Nim/ft/main.spl)
(/usr/local/texlive/2019/texmf-dist/tex/latex/natbib/natbib.sty
Package: natbib 2010/09/13 8.31b (PWD, AO)
\bibhang=\skip45
\bibsep=\skip46
LaTeX Info: Redefining \cite on input line 694.
\c@NAT@ctr=\count94
)
\splwrite=\write3
\openout3 = `main.spl'.


(/usr/local/texlive/2019/texmf-dist/tex/latex/geometry/geometry.sty
Package: geometry 2018/04/16 v5.8 Page Geometry

(/usr/local/texlive/2019/texmf-dist/tex/generic/oberdiek/ifpdf.sty
Package: ifpdf 2018/09/07 v3.3 Provides the ifpdf switch
)
(/usr/local/texlive/2019/texmf-dist/tex/generic/oberdiek/ifvtex.sty
Package: ifvtex 2016/05/16 v1.6 Detect VTeX and its facilities (HO)
Package ifvtex Info: VTeX not detected.
)
(/usr/local/texlive/2019/texmf-dist/tex/generic/ifxetex/ifxetex.sty
Package: ifxetex 2010/09/12 v0.6 Provides ifxetex conditional
)
\Gm@cnth=\count95
\Gm@cntv=\count96
\c@Gm@tempcnt=\count97
\Gm@bindingoffset=\dimen109
\Gm@wd@mp=\dimen110
\Gm@odd@mp=\dimen111
\Gm@even@mp=\dimen112
\Gm@layoutwidth=\dimen113
\Gm@layoutheight=\dimen114
\Gm@layouthoffset=\dimen115
\Gm@layoutvoffset=\dimen116
\Gm@dimlist=\toks17
)
(/usr/local/texlive/2019/texmf-dist/tex/latex/base/fleqn.clo
File: fleqn.clo 2016/12/29 v1.2b Standard LaTeX option (flush left equations)
\mathindent=\dimen117
Applying: [2015/01/01] Make \[ robust on input line 50.
LaTeX Info: Redefining \[ on input line 51.
Already applied: [0000/00/00] Make \[ robust on input line 62.
Applying: [2015/01/01] Make \] robust on input line 74.
LaTeX Info: Redefining \] on input line 75.
Already applied: [0000/00/00] Make \] robust on input line 83.
)
\appnamewidth=\dimen118
)
(/usr/local/texlive/2019/texmf-dist/tex/latex/txfonts/txfonts.sty
Package: txfonts 2008/01/22 v3.2.1
LaTeX Font Info:    Redeclaring symbol font `operators' on input line 21.
LaTeX Font Info:    Overwriting symbol font `operators' in version `normal'
(Font)                  OT1/cmr/m/n --> OT1/txr/m/n on input line 21.
LaTeX Font Info:    Overwriting symbol font `operators' in version `bold'
(Font)                  OT1/cmr/bx/n --> OT1/txr/m/n on input line 21.
LaTeX Font Info:    Overwriting symbol font `operators' in version `bold'
(Font)                  OT1/txr/m/n --> OT1/txr/bx/n on input line 22.
\symitalic=\mathgroup4
LaTeX Font Info:    Overwriting symbol font `italic' in version `bold'
(Font)                  OT1/txr/m/it --> OT1/txr/bx/it on input line 26.
LaTeX Font Info:    Redeclaring math alphabet \mathbf on input line 29.
LaTeX Font Info:    Overwriting math alphabet `\mathbf' in version `normal'
(Font)                  OT1/cmr/bx/n --> OT1/txr/bx/n on input line 29.
LaTeX Font Info:    Overwriting math alphabet `\mathbf' in version `bold'
(Font)                  OT1/cmr/bx/n --> OT1/txr/bx/n on input line 29.
LaTeX Font Info:    Redeclaring math alphabet \mathit on input line 30.
LaTeX Font Info:    Overwriting math alphabet `\mathit' in version `normal'
(Font)                  OT1/cmr/m/it --> OT1/txr/m/it on input line 30.
LaTeX Font Info:    Overwriting math alphabet `\mathit' in version `bold'
(Font)                  OT1/cmr/bx/it --> OT1/txr/m/it on input line 30.
LaTeX Font Info:    Overwriting math alphabet `\mathit' in version `bold'
(Font)                  OT1/txr/m/it --> OT1/txr/bx/it on input line 31.
LaTeX Font Info:    Redeclaring math alphabet \mathsf on input line 40.
LaTeX Font Info:    Overwriting math alphabet `\mathsf' in version `normal'
(Font)                  OT1/cmss/m/n --> OT1/txss/m/n on input line 40.
LaTeX Font Info:    Overwriting math alphabet `\mathsf' in version `bold'
(Font)                  OT1/cmss/bx/n --> OT1/txss/m/n on input line 40.
LaTeX Font Info:    Overwriting math alphabet `\mathsf' in version `bold'
(Font)                  OT1/txss/m/n --> OT1/txss/b/n on input line 41.
LaTeX Font Info:    Redeclaring math alphabet \mathtt on input line 50.
LaTeX Font Info:    Overwriting math alphabet `\mathtt' in version `normal'
(Font)                  OT1/cmtt/m/n --> OT1/txtt/m/n on input line 50.
LaTeX Font Info:    Overwriting math alphabet `\mathtt' in version `bold'
(Font)                  OT1/cmtt/m/n --> OT1/txtt/m/n on input line 50.
LaTeX Font Info:    Overwriting math alphabet `\mathtt' in version `bold'
(Font)                  OT1/txtt/m/n --> OT1/txtt/b/n on input line 51.
LaTeX Font Info:    Redeclaring symbol font `letters' on input line 58.
LaTeX Font Info:    Overwriting symbol font `letters' in version `normal'
(Font)                  OML/cmm/m/it --> OML/txmi/m/it on input line 58.
LaTeX Font Info:    Overwriting symbol font `letters' in version `bold'
(Font)                  OML/cmm/b/it --> OML/txmi/m/it on input line 58.
LaTeX Font Info:    Overwriting symbol font `letters' in version `bold'
(Font)                  OML/txmi/m/it --> OML/txmi/bx/it on input line 59.
\symlettersA=\mathgroup5
LaTeX Font Info:    Overwriting symbol font `lettersA' in version `bold'
(Font)                  U/txmia/m/it --> U/txmia/bx/it on input line 67.
LaTeX Font Info:    Redeclaring symbol font `symbols' on input line 77.
LaTeX Font Info:    Overwriting symbol font `symbols' in version `normal'
(Font)                  OMS/cmsy/m/n --> OMS/txsy/m/n on input line 77.
LaTeX Font Info:    Overwriting symbol font `symbols' in version `bold'
(Font)                  OMS/cmsy/b/n --> OMS/txsy/m/n on input line 77.
LaTeX Font Info:    Overwriting symbol font `symbols' in version `bold'
(Font)                  OMS/txsy/m/n --> OMS/txsy/bx/n on input line 78.
\symAMSa=\mathgroup6
LaTeX Font Info:    Overwriting symbol font `AMSa' in version `bold'
(Font)                  U/txsya/m/n --> U/txsya/bx/n on input line 94.
\symAMSb=\mathgroup7
LaTeX Font Info:    Overwriting symbol font `AMSb' in version `bold'
(Font)                  U/txsyb/m/n --> U/txsyb/bx/n on input line 103.
\symsymbolsC=\mathgroup8
LaTeX Font Info:    Overwriting symbol font `symbolsC' in version `bold'
(Font)                  U/txsyc/m/n --> U/txsyc/bx/n on input line 113.
LaTeX Font Info:    Redeclaring symbol font `largesymbols' on input line 120.
LaTeX Font Info:    Overwriting symbol font `largesymbols' in version `normal'
(Font)                  OMX/cmex/m/n --> OMX/txex/m/n on input line 120.
LaTeX Font Info:    Overwriting symbol font `largesymbols' in version `bold'
(Font)                  OMX/cmex/m/n --> OMX/txex/m/n on input line 120.
LaTeX Font Info:    Overwriting symbol font `largesymbols' in version `bold'
(Font)                  OMX/txex/m/n --> OMX/txex/bx/n on input line 121.
\symlargesymbolsA=\mathgroup9
LaTeX Font Info:    Overwriting symbol font `largesymbolsA' in version `bold'
(Font)                  U/txexa/m/n --> U/txexa/bx/n on input line 129.
LaTeX Info: Redefining \not on input line 1043.
)
(/usr/local/texlive/2019/texmf-dist/tex/latex/lineno/lineno.sty
Package: lineno 2005/11/02 line numbers on paragraphs v4.41
\linenopenalty=\count98
\output=\toks18
\linenoprevgraf=\count99
\linenumbersep=\dimen119
\linenumberwidth=\dimen120
\c@linenumber=\count100
\c@pagewiselinenumber=\count101
\c@LN@truepage=\count102
\c@internallinenumber=\count103
\c@internallinenumbers=\count104
\quotelinenumbersep=\dimen121
\bframerule=\dimen122
\bframesep=\dimen123
\bframebox=\box33
LaTeX Info: Redefining \\ on input line 3056.
)
(/usr/local/texlive/2019/texmf-dist/tex/latex/hyperref/hyperref.sty
Package: hyperref 2018/11/30 v6.88e Hypertext links for LaTeX

(/usr/local/texlive/2019/texmf-dist/tex/generic/oberdiek/hobsub-hyperref.sty
Package: hobsub-hyperref 2016/05/16 v1.14 Bundle oberdiek, subset hyperref (HO)


(/usr/local/texlive/2019/texmf-dist/tex/generic/oberdiek/hobsub-generic.sty
Package: hobsub-generic 2016/05/16 v1.14 Bundle oberdiek, subset generic (HO)
Package: hobsub 2016/05/16 v1.14 Construct package bundles (HO)
Package: infwarerr 2016/05/16 v1.4 Providing info/warning/error messages (HO)
Package: ltxcmds 2016/05/16 v1.23 LaTeX kernel commands for general use (HO)
Package: ifluatex 2016/05/16 v1.4 Provides the ifluatex switch (HO)
Package ifluatex Info: LuaTeX not detected.
Package hobsub Info: Skipping package `ifvtex' (already loaded).
Package: intcalc 2016/05/16 v1.2 Expandable calculations with integers (HO)
Package hobsub Info: Skipping package `ifpdf' (already loaded).
Package: etexcmds 2016/05/16 v1.6 Avoid name clashes with e-TeX commands (HO)
Package: kvsetkeys 2016/05/16 v1.17 Key value parser (HO)
Package: kvdefinekeys 2016/05/16 v1.4 Define keys (HO)
Package: pdftexcmds 2018/09/10 v0.29 Utility functions of pdfTeX for LuaTeX (HO
)
Package pdftexcmds Info: LuaTeX not detected.
Package pdftexcmds Info: \pdf@primitive is available.
Package pdftexcmds Info: \pdf@ifprimitive is available.
Package pdftexcmds Info: \pdfdraftmode found.
Package: pdfescape 2016/05/16 v1.14 Implements pdfTeX's escape features (HO)
Package: bigintcalc 2016/05/16 v1.4 Expandable calculations on big integers (HO
)
Package: bitset 2016/05/16 v1.2 Handle bit-vector datatype (HO)
Package: uniquecounter 2016/05/16 v1.3 Provide unlimited unique counter (HO)
)
Package hobsub Info: Skipping package `hobsub' (already loaded).
Package: letltxmacro 2016/05/16 v1.5 Let assignment for LaTeX macros (HO)
Package: hopatch 2016/05/16 v1.3 Wrapper for package hooks (HO)
Package: xcolor-patch 2016/05/16 xcolor patch
Package: atveryend 2016/05/16 v1.9 Hooks at the very end of document (HO)
Package atveryend Info: \enddocument detected (standard20110627).
Package: atbegshi 2016/06/09 v1.18 At begin shipout hook (HO)
Package: refcount 2016/05/16 v3.5 Data extraction from label references (HO)
Package: hycolor 2016/05/16 v1.8 Color options for hyperref/bookmark (HO)
)
(/usr/local/texlive/2019/texmf-dist/tex/latex/oberdiek/auxhook.sty
Package: auxhook 2016/05/16 v1.4 Hooks for auxiliary files (HO)
)
(/usr/local/texlive/2019/texmf-dist/tex/latex/oberdiek/kvoptions.sty
Package: kvoptions 2016/05/16 v3.12 Key value format for package options (HO)
)
\@linkdim=\dimen124
\Hy@linkcounter=\count105
\Hy@pagecounter=\count106

(/usr/local/texlive/2019/texmf-dist/tex/latex/hyperref/pd1enc.def
File: pd1enc.def 2018/11/30 v6.88e Hyperref: PDFDocEncoding definition (HO)
Now handling font encoding PD1 ...
... no UTF-8 mapping file for font encoding PD1
)
\Hy@SavedSpaceFactor=\count107

(/usr/local/texlive/2019/texmf-dist/tex/latex/latexconfig/hyperref.cfg
File: hyperref.cfg 2002/06/06 v1.2 hyperref configuration of TeXLive
)
Package hyperref Info: Option `final' set `true' on input line 4393.
Package hyperref Info: Hyper figures OFF on input line 4519.
Package hyperref Info: Link nesting OFF on input line 4524.
Package hyperref Info: Hyper index ON on input line 4527.
Package hyperref Info: Plain pages OFF on input line 4534.
Package hyperref Info: Backreferencing OFF on input line 4539.
Package hyperref Info: Implicit mode ON; LaTeX internals redefined.
Package hyperref Info: Bookmarks ON on input line 4772.
\c@Hy@tempcnt=\count108

(/usr/local/texlive/2019/texmf-dist/tex/latex/url/url.sty
\Urlmuskip=\muskip10
Package: url 2013/09/16  ver 3.4  Verb mode for urls, etc.
)
LaTeX Info: Redefining \url on input line 5125.
\XeTeXLinkMargin=\dimen125
\Fld@menulength=\count109
\Field@Width=\dimen126
\Fld@charsize=\dimen127
Package hyperref Info: Hyper figures OFF on input line 6380.
Package hyperref Info: Link nesting OFF on input line 6385.
Package hyperref Info: Hyper index ON on input line 6388.
Package hyperref Info: backreferencing OFF on input line 6395.
Package hyperref Info: Link coloring OFF on input line 6400.
Package hyperref Info: Link coloring with OCG OFF on input line 6405.
Package hyperref Info: PDF/A mode OFF on input line 6410.
LaTeX Info: Redefining \ref on input line 6450.
LaTeX Info: Redefining \pageref on input line 6454.
\Hy@abspage=\count110
\c@Item=\count111
\c@Hfootnote=\count112
)
Package hyperref Info: Driver (autodetected): hpdftex.

(/usr/local/texlive/2019/texmf-dist/tex/latex/hyperref/hpdftex.def
File: hpdftex.def 2018/11/30 v6.88e Hyperref driver for pdfTeX
\Fld@listcount=\count113
\c@bookmark@seq@number=\count114

(/usr/local/texlive/2019/texmf-dist/tex/latex/oberdiek/rerunfilecheck.sty
Package: rerunfilecheck 2016/05/16 v1.8 Rerun checks for auxiliary files (HO)
Package uniquecounter Info: New unique counter `rerunfilecheck' on input line 2
82.
)
\Hy@SectionHShift=\skip47
)
(/usr/local/texlive/2019/texmf-dist/tex/latex/was/upgreek.sty
Package: upgreek 2003/02/12 v2.0 (WaS)
Package upgreek Info: Using Euler Roman for upright Greek on input line 31.
\symugrf@m=\mathgroup10
LaTeX Font Info:    Overwriting symbol font `ugrf@m' in version `bold'
(Font)                  U/eur/m/n --> U/eur/b/n on input line 38.
)
(/usr/local/texlive/2019/texmf-dist/tex/latex/xcolor/xcolor.sty
Package: xcolor 2016/05/11 v2.12 LaTeX color extensions (UK)

(/usr/local/texlive/2019/texmf-dist/tex/latex/graphics-cfg/color.cfg
File: color.cfg 2016/01/02 v1.6 sample color configuration
)
Package xcolor Info: Driver file: pdftex.def on input line 225.
Package xcolor Info: Model `cmy' substituted by `cmy0' on input line 1348.
Package xcolor Info: Model `hsb' substituted by `rgb' on input line 1352.
Package xcolor Info: Model `RGB' extended on input line 1364.
Package xcolor Info: Model `HTML' substituted by `rgb' on input line 1366.
Package xcolor Info: Model `Hsb' substituted by `hsb' on input line 1367.
Package xcolor Info: Model `tHsb' substituted by `hsb' on input line 1368.
Package xcolor Info: Model `HSB' substituted by `hsb' on input line 1369.
Package xcolor Info: Model `Gray' substituted by `gray' on input line 1370.
Package xcolor Info: Model `wave' substituted by `hsb' on input line 1371.
)
(/usr/local/texlive/2019/texmf-dist/tex/latex/base/textcomp.sty
Package: textcomp 2018/08/11 v2.0j Standard LaTeX package
Package textcomp Info: Sub-encoding information:
(textcomp)               5 = only ISO-Adobe without \textcurrency
(textcomp)               4 = 5 + \texteuro
(textcomp)               3 = 4 + \textohm
(textcomp)               2 = 3 + \textestimated + \textcurrency
(textcomp)               1 = TS1 - \textcircled - \t
(textcomp)               0 = TS1 (full)
(textcomp)             Font families with sub-encoding setting implement
(textcomp)             only a restricted character set as indicated.
(textcomp)             Family '?' is the default used for unknown fonts.
(textcomp)             See the documentation for details.
Package textcomp Info: Setting ? sub-encoding to TS1/1 on input line 79.

(/usr/local/texlive/2019/texmf-dist/tex/latex/base/ts1enc.def
File: ts1enc.def 2001/06/05 v3.0e (jk/car/fm) Standard LaTeX file
Now handling font encoding TS1 ...
... processing UTF-8 mapping file for font encoding TS1

(/usr/local/texlive/2019/texmf-dist/tex/latex/base/ts1enc.dfu
File: ts1enc.dfu 2018/10/05 v1.2f UTF-8 support for inputenc
   defining Unicode char U+00A2 (decimal 162)
   defining Unicode char U+00A3 (decimal 163)
   defining Unicode char U+00A4 (decimal 164)
   defining Unicode char U+00A5 (decimal 165)
   defining Unicode char U+00A6 (decimal 166)
   defining Unicode char U+00A7 (decimal 167)
   defining Unicode char U+00A8 (decimal 168)
   defining Unicode char U+00A9 (decimal 169)
   defining Unicode char U+00AA (decimal 170)
   defining Unicode char U+00AC (decimal 172)
   defining Unicode char U+00AE (decimal 174)
   defining Unicode char U+00AF (decimal 175)
   defining Unicode char U+00B0 (decimal 176)
   defining Unicode char U+00B1 (decimal 177)
   defining Unicode char U+00B2 (decimal 178)
   defining Unicode char U+00B3 (decimal 179)
   defining Unicode char U+00B4 (decimal 180)
   defining Unicode char U+00B5 (decimal 181)
   defining Unicode char U+00B6 (decimal 182)
   defining Unicode char U+00B7 (decimal 183)
   defining Unicode char U+00B9 (decimal 185)
   defining Unicode char U+00BA (decimal 186)
   defining Unicode char U+00BC (decimal 188)
   defining Unicode char U+00BD (decimal 189)
   defining Unicode char U+00BE (decimal 190)
   defining Unicode char U+00D7 (decimal 215)
   defining Unicode char U+00F7 (decimal 247)
   defining Unicode char U+0192 (decimal 402)
   defining Unicode char U+02C7 (decimal 711)
   defining Unicode char U+02D8 (decimal 728)
   defining Unicode char U+02DD (decimal 733)
   defining Unicode char U+0E3F (decimal 3647)
   defining Unicode char U+2016 (decimal 8214)
   defining Unicode char U+2020 (decimal 8224)
   defining Unicode char U+2021 (decimal 8225)
   defining Unicode char U+2022 (decimal 8226)
   defining Unicode char U+2030 (decimal 8240)
   defining Unicode char U+2031 (decimal 8241)
   defining Unicode char U+203B (decimal 8251)
   defining Unicode char U+203D (decimal 8253)
   defining Unicode char U+2044 (decimal 8260)
   defining Unicode char U+204E (decimal 8270)
   defining Unicode char U+2052 (decimal 8274)
   defining Unicode char U+20A1 (decimal 8353)
   defining Unicode char U+20A4 (decimal 8356)
   defining Unicode char U+20A6 (decimal 8358)
   defining Unicode char U+20A9 (decimal 8361)
   defining Unicode char U+20AB (decimal 8363)
   defining Unicode char U+20AC (decimal 8364)
   defining Unicode char U+20B1 (decimal 8369)
   defining Unicode char U+2103 (decimal 8451)
   defining Unicode char U+2116 (decimal 8470)
   defining Unicode char U+2117 (decimal 8471)
   defining Unicode char U+211E (decimal 8478)
   defining Unicode char U+2120 (decimal 8480)
   defining Unicode char U+2122 (decimal 8482)
   defining Unicode char U+2126 (decimal 8486)
   defining Unicode char U+2127 (decimal 8487)
   defining Unicode char U+212E (decimal 8494)
   defining Unicode char U+2190 (decimal 8592)
   defining Unicode char U+2191 (decimal 8593)
   defining Unicode char U+2192 (decimal 8594)
   defining Unicode char U+2193 (decimal 8595)
   defining Unicode char U+2329 (decimal 9001)
   defining Unicode char U+232A (decimal 9002)
   defining Unicode char U+2422 (decimal 9250)
   defining Unicode char U+25E6 (decimal 9702)
   defining Unicode char U+25EF (decimal 9711)
   defining Unicode char U+266A (decimal 9834)
   defining Unicode char U+FEFF (decimal 65279)
))
LaTeX Info: Redefining \oldstylenums on input line 334.
Package textcomp Info: Setting cmr sub-encoding to TS1/0 on input line 349.
Package textcomp Info: Setting cmss sub-encoding to TS1/0 on input line 350.
Package textcomp Info: Setting cmtt sub-encoding to TS1/0 on input line 351.
Package textcomp Info: Setting cmvtt sub-encoding to TS1/0 on input line 352.
Package textcomp Info: Setting cmbr sub-encoding to TS1/0 on input line 353.
Package textcomp Info: Setting cmtl sub-encoding to TS1/0 on input line 354.
Package textcomp Info: Setting ccr sub-encoding to TS1/0 on input line 355.
Package textcomp Info: Setting ptm sub-encoding to TS1/4 on input line 356.
Package textcomp Info: Setting pcr sub-encoding to TS1/4 on input line 357.
Package textcomp Info: Setting phv sub-encoding to TS1/4 on input line 358.
Package textcomp Info: Setting ppl sub-encoding to TS1/3 on input line 359.
Package textcomp Info: Setting pag sub-encoding to TS1/4 on input line 360.
Package textcomp Info: Setting pbk sub-encoding to TS1/4 on input line 361.
Package textcomp Info: Setting pnc sub-encoding to TS1/4 on input line 362.
Package textcomp Info: Setting pzc sub-encoding to TS1/4 on input line 363.
Package textcomp Info: Setting bch sub-encoding to TS1/4 on input line 364.
Package textcomp Info: Setting put sub-encoding to TS1/5 on input line 365.
Package textcomp Info: Setting uag sub-encoding to TS1/5 on input line 366.
Package textcomp Info: Setting ugq sub-encoding to TS1/5 on input line 367.
Package textcomp Info: Setting ul8 sub-encoding to TS1/4 on input line 368.
Package textcomp Info: Setting ul9 sub-encoding to TS1/4 on input line 369.
Package textcomp Info: Setting augie sub-encoding to TS1/5 on input line 370.
Package textcomp Info: Setting dayrom sub-encoding to TS1/3 on input line 371.
Package textcomp Info: Setting dayroms sub-encoding to TS1/3 on input line 372.

Package textcomp Info: Setting pxr sub-encoding to TS1/0 on input line 373.
Package textcomp Info: Setting pxss sub-encoding to TS1/0 on input line 374.
Package textcomp Info: Setting pxtt sub-encoding to TS1/0 on input line 375.
Package textcomp Info: Setting txr sub-encoding to TS1/0 on input line 376.
Package textcomp Info: Setting txss sub-encoding to TS1/0 on input line 377.
Package textcomp Info: Setting txtt sub-encoding to TS1/0 on input line 378.
Package textcomp Info: Setting lmr sub-encoding to TS1/0 on input line 379.
Package textcomp Info: Setting lmdh sub-encoding to TS1/0 on input line 380.
Package textcomp Info: Setting lmss sub-encoding to TS1/0 on input line 381.
Package textcomp Info: Setting lmssq sub-encoding to TS1/0 on input line 382.
Package textcomp Info: Setting lmvtt sub-encoding to TS1/0 on input line 383.
Package textcomp Info: Setting lmtt sub-encoding to TS1/0 on input line 384.
Package textcomp Info: Setting qhv sub-encoding to TS1/0 on input line 385.
Package textcomp Info: Setting qag sub-encoding to TS1/0 on input line 386.
Package textcomp Info: Setting qbk sub-encoding to TS1/0 on input line 387.
Package textcomp Info: Setting qcr sub-encoding to TS1/0 on input line 388.
Package textcomp Info: Setting qcs sub-encoding to TS1/0 on input line 389.
Package textcomp Info: Setting qpl sub-encoding to TS1/0 on input line 390.
Package textcomp Info: Setting qtm sub-encoding to TS1/0 on input line 391.
Package textcomp Info: Setting qzc sub-encoding to TS1/0 on input line 392.
Package textcomp Info: Setting qhvc sub-encoding to TS1/0 on input line 393.
Package textcomp Info: Setting futs sub-encoding to TS1/4 on input line 394.
Package textcomp Info: Setting futx sub-encoding to TS1/4 on input line 395.
Package textcomp Info: Setting futj sub-encoding to TS1/4 on input line 396.
Package textcomp Info: Setting hlh sub-encoding to TS1/3 on input line 397.
Package textcomp Info: Setting hls sub-encoding to TS1/3 on input line 398.
Package textcomp Info: Setting hlst sub-encoding to TS1/3 on input line 399.
Package textcomp Info: Setting hlct sub-encoding to TS1/5 on input line 400.
Package textcomp Info: Setting hlx sub-encoding to TS1/5 on input line 401.
Package textcomp Info: Setting hlce sub-encoding to TS1/5 on input line 402.
Package textcomp Info: Setting hlcn sub-encoding to TS1/5 on input line 403.
Package textcomp Info: Setting hlcw sub-encoding to TS1/5 on input line 404.
Package textcomp Info: Setting hlcf sub-encoding to TS1/5 on input line 405.
Package textcomp Info: Setting pplx sub-encoding to TS1/3 on input line 406.
Package textcomp Info: Setting pplj sub-encoding to TS1/3 on input line 407.
Package textcomp Info: Setting ptmx sub-encoding to TS1/4 on input line 408.
Package textcomp Info: Setting ptmj sub-encoding to TS1/4 on input line 409.
)
(/Users/devita/clas12Nim/ft/main.aux)
\openout1 = `main.aux'.

LaTeX Font Info:    Checking defaults for OML/txmi/m/it on input line 56.
LaTeX Font Info:    Try loading font information for OML+txmi on input line 56.


(/usr/local/texlive/2019/texmf-dist/tex/latex/txfonts/omltxmi.fd
File: omltxmi.fd 2000/12/15 v3.1
)
LaTeX Font Info:    ... okay on input line 56.
LaTeX Font Info:    Checking defaults for T1/cmr/m/n on input line 56.
LaTeX Font Info:    ... okay on input line 56.
LaTeX Font Info:    Checking defaults for OT1/cmr/m/n on input line 56.
LaTeX Font Info:    ... okay on input line 56.
LaTeX Font Info:    Checking defaults for OMS/txsy/m/n on input line 56.
LaTeX Font Info:    Try loading font information for OMS+txsy on input line 56.


(/usr/local/texlive/2019/texmf-dist/tex/latex/txfonts/omstxsy.fd
File: omstxsy.fd 2000/12/15 v3.1
)
LaTeX Font Info:    ... okay on input line 56.
LaTeX Font Info:    Checking defaults for OMX/txex/m/n on input line 56.
LaTeX Font Info:    Try loading font information for OMX+txex on input line 56.


(/usr/local/texlive/2019/texmf-dist/tex/latex/txfonts/omxtxex.fd
File: omxtxex.fd 2000/12/15 v3.1
)
LaTeX Font Info:    ... okay on input line 56.
LaTeX Font Info:    Checking defaults for U/txexa/m/n on input line 56.
LaTeX Font Info:    Try loading font information for U+txexa on input line 56.

(/usr/local/texlive/2019/texmf-dist/tex/latex/txfonts/utxexa.fd
File: utxexa.fd 2000/12/15 v3.1
)
LaTeX Font Info:    ... okay on input line 56.
LaTeX Font Info:    Checking defaults for PD1/pdf/m/n on input line 56.
LaTeX Font Info:    ... okay on input line 56.
LaTeX Font Info:    Checking defaults for TS1/cmr/m/n on input line 56.
LaTeX Font Info:    Try loading font information for TS1+cmr on input line 56.

(/usr/local/texlive/2019/texmf-dist/tex/latex/base/ts1cmr.fd
File: ts1cmr.fd 2014/09/29 v2.5h Standard LaTeX font definitions
)
LaTeX Font Info:    ... okay on input line 56.
LaTeX Font Info:    Try loading font information for OT1+txr on input line 56.

(/usr/local/texlive/2019/texmf-dist/tex/latex/txfonts/ot1txr.fd
File: ot1txr.fd 2000/12/15 v3.1
)
(/usr/local/texlive/2019/texmf-dist/tex/context/base/mkii/supp-pdf.mkii
[Loading MPS to PDF converter (version 2006.09.02).]
\scratchcounter=\count115
\scratchdimen=\dimen128
\scratchbox=\box34
\nofMPsegments=\count116
\nofMParguments=\count117
\everyMPshowfont=\toks19
\MPscratchCnt=\count118
\MPscratchDim=\dimen129
\MPnumerator=\count119
\makeMPintoPDFobject=\count120
\everyMPtoPDFconversion=\toks20
) (/usr/local/texlive/2019/texmf-dist/tex/latex/oberdiek/epstopdf-base.sty
Package: epstopdf-base 2016/05/15 v2.6 Base part for package epstopdf

(/usr/local/texlive/2019/texmf-dist/tex/latex/oberdiek/grfext.sty
Package: grfext 2016/05/16 v1.2 Manage graphics extensions (HO)
)
Package epstopdf-base Info: Redefining graphics rule for `.eps' on input line 4
38.
Package grfext Info: Graphics extension search list:
(grfext)             [.pdf,.png,.jpg,.mps,.jpeg,.jbig2,.jb2,.PDF,.PNG,.JPG,.JPE
G,.JBIG2,.JB2,.eps]
(grfext)             \AppendGraphicsExtensions on input line 456.

(/usr/local/texlive/2019/texmf-dist/tex/latex/latexconfig/epstopdf-sys.cfg
File: epstopdf-sys.cfg 2010/07/13 v1.3 Configuration of (r)epstopdf for TeX Liv
e
))
*geometry* driver: auto-detecting
*geometry* detected driver: pdftex
*geometry* verbose mode - [ preamble ] result:
* driver: pdftex
* paper: custom
* layout: <same size as paper>
* layoutoffset:(h,v)=(0.0pt,0.0pt)
* hratio: 1:1
* vratio: 1:1
* modes: 
* h-part:(L,W,R)=(64.75394pt, 468.0pt, 64.75394pt)
* v-part:(T,H,B)=(111.52342pt, 622.0pt, 111.52342pt)
* \paperwidth=597.50787pt
* \paperheight=845.04684pt
* \textwidth=468.0pt
* \textheight=622.0pt
* \oddsidemargin=-7.51605pt
* \evensidemargin=-7.51605pt
* \topmargin=-22.74657pt
* \headheight=50.0pt
* \headsep=12.0pt
* \topskip=10.0pt
* \footskip=18.0pt
* \marginparwidth=4.0pt
* \marginparsep=10.0pt
* \columnsep=24.0pt
* \skip\footins=24.0pt plus 2.0pt minus 12.0pt
* \hoffset=0.0pt
* \voffset=0.0pt
* \mag=1000
* \@twocolumntrue
* \@twosidefalse
* \@mparswitchfalse
* \@reversemarginfalse
* (1in=72.27pt=25.4mm, 1cm=28.453pt)

\AtBeginShipoutBox=\box35
Package hyperref Info: Link coloring OFF on input line 56.
(/usr/local/texlive/2019/texmf-dist/tex/latex/hyperref/nameref.sty
Package: nameref 2016/05/21 v2.44 Cross-referencing by name of section

(/usr/local/texlive/2019/texmf-dist/tex/generic/oberdiek/gettitlestring.sty
Package: gettitlestring 2016/05/16 v1.5 Cleanup title references (HO)
)
\c@section@level=\count121
)
LaTeX Info: Redefining \ref on input line 56.
LaTeX Info: Redefining \pageref on input line 56.
LaTeX Info: Redefining \nameref on input line 56.

(/Users/devita/clas12Nim/ft/main.out) (/Users/devita/clas12Nim/ft/main.out)
\@outlinefile=\write4
\openout4 = `main.out'.


(/Users/devita/clas12Nim/ft/titleAndAuthors.tex)
(/Users/devita/clas12Nim/ft/abstract.tex
LaTeX Font Info:    Try loading font information for U+txmia on input line 10.

(/usr/local/texlive/2019/texmf-dist/tex/latex/txfonts/utxmia.fd
File: utxmia.fd 2000/12/15 v3.1
)
LaTeX Font Info:    Try loading font information for U+txsya on input line 10.

(/usr/local/texlive/2019/texmf-dist/tex/latex/txfonts/utxsya.fd
File: utxsya.fd 2000/12/15 v3.1
)
LaTeX Font Info:    Try loading font information for U+txsyb on input line 10.

(/usr/local/texlive/2019/texmf-dist/tex/latex/txfonts/utxsyb.fd
File: utxsyb.fd 2000/12/15 v3.1
)
LaTeX Font Info:    Try loading font information for U+txsyc on input line 10.

(/usr/local/texlive/2019/texmf-dist/tex/latex/txfonts/utxsyc.fd
File: utxsyc.fd 2000/12/15 v3.1
))
(/Users/devita/clas12Nim/ft/introduction.tex
LaTeX Font Info:    Try loading font information for OT1+txss on input line 1.

(/usr/local/texlive/2019/texmf-dist/tex/latex/txfonts/ot1txss.fd
File: ot1txss.fd 2000/12/15 v3.1
)
LaTeX Font Info:    Font shape `OT1/txss/m/n' will be
(Font)              scaled to size 4.74998pt on input line 1.


Package natbib Warning: Citation `mesonex' on page 1 undefined on input line 2.


LaTeX Font Info:    Try loading font information for TS1+txr on input line 8.
(/usr/local/texlive/2019/texmf-dist/tex/latex/txfonts/ts1txr.fd
File: ts1txr.fd 2000/12/15 v3.1
)
Underfull \hbox (badness 2197) in paragraph at lines 11--12
[]\OT1/txr/m/n/10 the az-imuthal an-gle an-gle $\OML/txmi/m/it/10 ^^R[]$\OT1/tx
r/m/n/10 : since $\OML/txmi/m/it/10 Q[] \OT1/txr/m/n/10 =
 []

Package epstopdf Info: Source file: <./fig/ft_cad.eps>
(epstopdf)                    date: 2019-10-02 18:48:42
(epstopdf)                    size: 4042030 bytes
(epstopdf)             Output file: <./fig/ft_cad-eps-converted-to.pdf>
(epstopdf)                    date: 2019-10-02 18:48:52
(epstopdf)                    size: 1147511 bytes
(epstopdf)             Command: <repstopdf --outfile=./fig/ft_cad-eps-converted
-to.pdf ./fig/ft_cad.eps>
(epstopdf)             \includegraphics on input line 19.
Package epstopdf Info: Output file is already uptodate.
<./fig/ft_cad-eps-converted-to.pdf, id=116, 3521.155pt x 2489.3pt>
File: ./fig/ft_cad-eps-converted-to.pdf Graphic file (type pdf)
<use ./fig/ft_cad-eps-converted-to.pdf>
Package pdftex.def Info: ./fig/ft_cad-eps-converted-to.pdf  used on input line 
19.
(pdftex.def)             Requested size: 222.0pt x 156.9103pt.

Package natbib Warning: Citation `htcc' on page 1 undefined on input line 20.


Package natbib Warning: Citation `dc' on page 1 undefined on input line 20.


Package natbib Warning: Citation `htcc' on page 1 undefined on input line 20.


Package natbib Warning: Citation `dc' on page 1 undefined on input line 20.

) (/Users/devita/clas12Nim/ft/layout.tex
Underfull \hbox (badness 5847) in paragraph at lines 24--1
\OT1/txr/m/n/10 tracker are placed be-tween the High Thresh-old
 []


Overfull \hbox (1.90001pt too wide) has occurred while \output is active
[] 
 []


Package hyperref Warning: Token not allowed in a PDF string (PDFDocEncoding):
(hyperref)                removing `\<def>-command' on input line 1.


Package hyperref Warning: Token not allowed in a PDF string (PDFDocEncoding):
(hyperref)                removing `\cnotenum' on input line 1.


Package hyperref Warning: Token not allowed in a PDF string (PDFDocEncoding):
(hyperref)                removing `\<def>-command' on input line 1.


Package hyperref Warning: Token not allowed in a PDF string (PDFDocEncoding):
(hyperref)                removing `\@corref' on input line 1.

[1{/usr/local/texlive/2019/texmf-var/fonts/map/pdftex/updmap/pdftex.map}


]

Package natbib Warning: Citation `CMS' on page 2 undefined on input line 12.


Package natbib Warning: Citation `ic' on page 2 undefined on input line 12.


Package natbib Warning: Citation `panda_ecal' on page 2 undefined on input line
 12.

[2 <./fig/ft_cad-eps-converted-to.pdf>]

Package hyperref Warning: Token not allowed in a PDF string (PDFDocEncoding):
(hyperref)                removing `math shift' on input line 29.


Package hyperref Warning: Token not allowed in a PDF string (PDFDocEncoding):
(hyperref)                removing `subscript' on input line 29.


Package hyperref Warning: Token not allowed in a PDF string (PDFDocEncoding):
(hyperref)                removing `math shift' on input line 29.


Package natbib Warning: Citation `accos' on page 3 undefined on input line 33.


Package natbib Warning: Citation `vm2000' on page 3 undefined on input line 35.


<./fig/dk.jpeg, id=165, 471.7625pt x 342.27875pt>
File: ./fig/dk.jpeg Graphic file (type jpg)
<use ./fig/dk.jpeg>
Package pdftex.def Info: ./fig/dk.jpeg  used on input line 43.
(pdftex.def)             Requested size: 188.70135pt x 136.90906pt.

Package natbib Warning: Citation `radhard' on page 3 undefined on input line 48
.

Package epstopdf Info: Source file: <./fig/apd5.eps>
(epstopdf)                    date: 2019-10-02 18:48:42
(epstopdf)                    size: 211658 bytes
(epstopdf)             Output file: <./fig/apd5-eps-converted-to.pdf>
(epstopdf)                    date: 2019-10-02 18:48:53
(epstopdf)                    size: 241802 bytes
(epstopdf)             Command: <repstopdf --outfile=./fig/apd5-eps-converted-t
o.pdf ./fig/apd5.eps>
(epstopdf)             \includegraphics on input line 62.
Package epstopdf Info: Output file is already uptodate.
<./fig/apd5-eps-converted-to.pdf, id=167, 846.16125pt x 597.23125pt>
File: ./fig/apd5-eps-converted-to.pdf Graphic file (type pdf)
<use ./fig/apd5-eps-converted-to.pdf>
Package pdftex.def Info: ./fig/apd5-eps-converted-to.pdf  used on input line 62
.
(pdftex.def)             Requested size: 222.0pt x 156.68896pt.

Package natbib Warning: Citation `celeAPD' on page 3 undefined on input line 74
.


Underfull \hbox (badness 4291) in paragraph at lines 69--75
\OT1/txr/m/n/10 S8664-1010) Large Area Avalache Photo Diodes
 []


Underfull \hbox (badness 10000) in paragraph at lines 69--75

 []

[3 <./fig/dk.jpeg>]
Package epstopdf Info: Source file: <./fig/dynamics.eps>
(epstopdf)                    date: 2019-10-02 18:48:42
(epstopdf)                    size: 256920 bytes
(epstopdf)             Output file: <./fig/dynamics-eps-converted-to.pdf>
(epstopdf)                    date: 2019-10-02 18:48:53
(epstopdf)                    size: 135060 bytes
(epstopdf)             Command: <repstopdf --outfile=./fig/dynamics-eps-convert
ed-to.pdf ./fig/dynamics.eps>
(epstopdf)             \includegraphics on input line 157.
Package epstopdf Info: Output file is already uptodate.
<./fig/dynamics-eps-converted-to.pdf, id=176, 619.31375pt x 431.6125pt>
File: ./fig/dynamics-eps-converted-to.pdf Graphic file (type pdf)
<use ./fig/dynamics-eps-converted-to.pdf>
Package pdftex.def Info: ./fig/dynamics-eps-converted-to.pdf  used on input lin
e 157.
(pdftex.def)             Requested size: 222.0pt x 154.7152pt.
Package epstopdf Info: Source file: <./fig/timing.eps>
(epstopdf)                    date: 2019-10-02 18:48:42
(epstopdf)                    size: 276763 bytes
(epstopdf)             Output file: <./fig/timing-eps-converted-to.pdf>
(epstopdf)                    date: 2019-10-02 18:48:54
(epstopdf)                    size: 130708 bytes
(epstopdf)             Command: <repstopdf --outfile=./fig/timing-eps-converted
-to.pdf ./fig/timing.eps>
(epstopdf)             \includegraphics on input line 165.
Package epstopdf Info: Output file is already uptodate.
<./fig/timing-eps-converted-to.pdf, id=177, 650.43pt x 443.6575pt>
File: ./fig/timing-eps-converted-to.pdf Graphic file (type pdf)
<use ./fig/timing-eps-converted-to.pdf>
Package pdftex.def Info: ./fig/timing-eps-converted-to.pdf  used on input line 
165.
(pdftex.def)             Requested size: 222.0pt x 151.42374pt.


LaTeX Warning: Command \textperthousand invalid in math mode on input line 191.



LaTeX Warning: Command \textperthousand invalid in math mode on input line 191.


Missing character: There is no ‡ in font txr!

Underfull \vbox (badness 10000) has occurred while \output is active []

 [4 <./fig/apd5-eps-converted-to.pdf>]

LaTeX Warning: Reference `sec:slowcontrols' on page 5 undefined on input line 1
95.


LaTeX Warning: Reference `sec:interlocks' on page 5 undefined on input line 234
.


Underfull \hbox (badness 2065) in paragraph at lines 227--235
[]\OT1/txr/m/n/10 Temperature reg-u-la-tion is pro-vided by a Lauda
 []

Package epstopdf Info: Source file: <./fig/sc-assembly.eps>
(epstopdf)                    date: 2019-10-02 18:48:42
(epstopdf)                    size: 913905 bytes
(epstopdf)             Output file: <./fig/sc-assembly-eps-converted-to.pdf>
(epstopdf)                    date: 2019-10-02 18:48:54
(epstopdf)                    size: 215575 bytes
(epstopdf)             Command: <repstopdf --outfile=./fig/sc-assembly-eps-conv
erted-to.pdf ./fig/sc-assembly.eps>
(epstopdf)             \includegraphics on input line 243.
Package epstopdf Info: Output file is already uptodate.
<./fig/sc-assembly-eps-converted-to.pdf, id=191, 3274.2325pt x 1380.15625pt>
File: ./fig/sc-assembly-eps-converted-to.pdf Graphic file (type pdf)
<use ./fig/sc-assembly-eps-converted-to.pdf>
Package pdftex.def Info: ./fig/sc-assembly-eps-converted-to.pdf  used on input 
line 243.
(pdftex.def)             Requested size: 222.0pt x 93.56718pt.
<./fig/raff.jpeg, id=193, 1100.11pt x 405.515pt>
File: ./fig/raff.jpeg Graphic file (type jpg)
<use ./fig/raff.jpeg>
Package pdftex.def Info: ./fig/raff.jpeg  used on input line 274.
(pdftex.def)             Requested size: 222.0pt x 81.8317pt.
[5 <./fig/dynamics-eps-converted-to.pdf> <./fig/timing-eps-converted-to.pdf>]
Package epstopdf Info: Source file: <./fig/section.eps>
(epstopdf)                    date: 2019-10-02 18:48:42
(epstopdf)                    size: 4617282 bytes
(epstopdf)             Output file: <./fig/section-eps-converted-to.pdf>
(epstopdf)                    date: 2019-10-02 18:48:55
(epstopdf)                    size: 1257006 bytes
(epstopdf)             Command: <repstopdf --outfile=./fig/section-eps-converte
d-to.pdf ./fig/section.eps>
(epstopdf)             \includegraphics on input line 291.
Package epstopdf Info: Output file is already uptodate.
<./fig/section-eps-converted-to.pdf, id=209, 3521.155pt x 2489.3pt>
File: ./fig/section-eps-converted-to.pdf Graphic file (type pdf)
<use ./fig/section-eps-converted-to.pdf>
Package pdftex.def Info: ./fig/section-eps-converted-to.pdf  used on input line
 291.
(pdftex.def)             Requested size: 222.0pt x 156.9103pt.

[6 <./fig/sc-assembly-eps-converted-to.pdf> <./fig/raff.jpeg> <./fig/section-ep
s-converted-to.pdf>]
<./fig/FTHodoLayout.pdf, id=227, 582.5456pt x 537.45274pt>
File: ./fig/FTHodoLayout.pdf Graphic file (type pdf)
<use ./fig/FTHodoLayout.pdf>
Package pdftex.def Info: ./fig/FTHodoLayout.pdf  used on input line 327.
(pdftex.def)             Requested size: 188.70135pt x 174.09601pt.
<./fig/CADFT-Hodo.pdf, id=229, 528.68947pt x 549.76822pt>
File: ./fig/CADFT-Hodo.pdf Graphic file (type pdf)
<use ./fig/CADFT-Hodo.pdf>
Package pdftex.def Info: ./fig/CADFT-Hodo.pdf  used on input line 334.
(pdftex.def)             Requested size: 188.70135pt x 196.22186pt.


Package natbib Warning: Citation `TDR42' on page 7 undefined on input line 339.



Package natbib Warning: Citation `TDR41' on page 7 undefined on input line 339.



Package natbib Warning: Citation `TDR43' on page 7 undefined on input line 339.


<./fig/FTHODOAmpBoard.pdf, id=232, 810.56084pt x 393.74333pt>
File: ./fig/FTHODOAmpBoard.pdf Graphic file (type pdf)
<use ./fig/FTHODOAmpBoard.pdf>
Package pdftex.def Info: ./fig/FTHODOAmpBoard.pdf  used on input line 344.
(pdftex.def)             Requested size: 210.89932pt x 102.44894pt.
[7 <./fig/FTHodoLayout.pdf>]

Package natbib Warning: Citation `mm' on page 8 undefined on input line 355.

Package epstopdf Info: Source file: <./fig/FTtrck.eps>
(epstopdf)                    date: 2019-10-02 18:48:42
(epstopdf)                    size: 704323 bytes
(epstopdf)             Output file: <./fig/FTtrck-eps-converted-to.pdf>
(epstopdf)                    date: 2019-10-02 18:48:55
(epstopdf)                    size: 39796 bytes
(epstopdf)             Command: <repstopdf --outfile=./fig/FTtrck-eps-converted
-to.pdf ./fig/FTtrck.eps>
(epstopdf)             \includegraphics on input line 358.
Package epstopdf Info: Output file is already uptodate.
<./fig/FTtrck-eps-converted-to.pdf, id=4759, 318.18875pt x 303.1325pt>
File: ./fig/FTtrck-eps-converted-to.pdf Graphic file (type pdf)
<use ./fig/FTtrck-eps-converted-to.pdf>
Package pdftex.def Info: ./fig/FTtrck-eps-converted-to.pdf  used on input line 
358.
(pdftex.def)             Requested size: 222.0pt x 211.49286pt.
[8 <./fig/CADFT-Hodo.pdf> <./fig/FTHODOAmpBoard.pdf> <./fig/FTtrck-eps-converte
d-to.pdf>]
Underfull \hbox (badness 1189) in paragraph at lines 388--400
[]\OT1/txr/m/n/10 The FE elec-tronic is re-spon-si-ble for sig-nal pre-
 []


Package natbib Warning: Citation `mm' on page 9 undefined on input line 404.

) (/Users/devita/clas12Nim/ft/integration.tex
Underfull \hbox (badness 1354) in paragraph at lines 9--10
[]\OT1/txr/m/n/10 the tung-sten cone act-ing as Moeller elec-trons
 []

[9]

Package natbib Warning: Citation `beamline' on page 10 undefined on input line 
30.

Package epstopdf Info: Source file: <./fig/IC_integra.eps>
(epstopdf)                    date: 2019-10-02 18:48:42
(epstopdf)                    size: 3509858 bytes
(epstopdf)             Output file: <./fig/IC_integra-eps-converted-to.pdf>
(epstopdf)                    date: 2019-10-02 18:48:56
(epstopdf)                    size: 1049124 bytes
(epstopdf)             Command: <repstopdf --outfile=./fig/IC_integra-eps-conve
rted-to.pdf ./fig/IC_integra.eps>
(epstopdf)             \includegraphics on input line 33.
Package epstopdf Info: Output file is already uptodate.
<./fig/IC_integra-eps-converted-to.pdf, id=8657, 3521.155pt x 2489.3pt>
File: ./fig/IC_integra-eps-converted-to.pdf Graphic file (type pdf)
<use ./fig/IC_integra-eps-converted-to.pdf>
Package pdftex.def Info: ./fig/IC_integra-eps-converted-to.pdf  used on input l
ine 33.
(pdftex.def)             Requested size: 222.0pt x 156.9103pt.
) (/Users/devita/clas12Nim/ft/prototyping.tex [10 <./fig/IC_integra-eps-convert
ed-to.pdf>]
Package epstopdf Info: Source file: <./fig/p9-whole.eps>
(epstopdf)                    date: 2019-10-02 18:48:42
(epstopdf)                    size: 1191495 bytes
(epstopdf)             Output file: <./fig/p9-whole-eps-converted-to.pdf>
(epstopdf)                    date: 2019-10-02 18:48:56
(epstopdf)                    size: 218915 bytes
(epstopdf)             Command: <repstopdf --outfile=./fig/p9-whole-eps-convert
ed-to.pdf ./fig/p9-whole.eps>
(epstopdf)             \includegraphics on input line 10.
Package epstopdf Info: Output file is already uptodate.
<./fig/p9-whole-eps-converted-to.pdf, id=8677, 839.135pt x 604.2575pt>
File: ./fig/p9-whole-eps-converted-to.pdf Graphic file (type pdf)
<use ./fig/p9-whole-eps-converted-to.pdf>
Package pdftex.def Info: ./fig/p9-whole-eps-converted-to.pdf  used on input lin
e 10.
(pdftex.def)             Requested size: 222.0pt x 159.86008pt.

Underfull \hbox (badness 1348) in paragraph at lines 23--24
[]\OT1/txr/m/n/10 to per-form de-tailed stud-ies of elec-tro-mag-netic
 []


Package hyperref Warning: Difference (2) between bookmark levels is greater 
(hyperref)                than one, level fixed on input line 26.

Package epstopdf Info: Source file: <./fig/p16-whole.eps>
(epstopdf)                    date: 2019-10-02 18:48:42
(epstopdf)                    size: 974949 bytes
(epstopdf)             Output file: <./fig/p16-whole-eps-converted-to.pdf>
(epstopdf)                    date: 2019-10-02 18:48:57
(epstopdf)                    size: 225967 bytes
(epstopdf)             Command: <repstopdf --outfile=./fig/p16-whole-eps-conver
ted-to.pdf ./fig/p16-whole.eps>
(epstopdf)             \includegraphics on input line 34.
Package epstopdf Info: Output file is already uptodate.
<./fig/p16-whole-eps-converted-to.pdf, id=8679, 1027.84pt x 575.14874pt>
File: ./fig/p16-whole-eps-converted-to.pdf Graphic file (type pdf)
<use ./fig/p16-whole-eps-converted-to.pdf>
Package pdftex.def Info: ./fig/p16-whole-eps-converted-to.pdf  used on input li
ne 34.
(pdftex.def)             Requested size: 222.0pt x 124.225pt.
[11 <./fig/p9-whole-eps-converted-to.pdf> <./fig/p16-whole-eps-converted-to.pdf
>]
Package epstopdf Info: Source file: <./fig/btf_oct12.eps>
(epstopdf)                    date: 2019-10-02 18:48:42
(epstopdf)                    size: 18993634 bytes
(epstopdf)             Output file: <./fig/btf_oct12-eps-converted-to.pdf>
(epstopdf)                    date: 2019-10-02 18:48:57
(epstopdf)                    size: 1892478 bytes
(epstopdf)             Command: <repstopdf --outfile=./fig/btf_oct12-eps-conver
ted-to.pdf ./fig/btf_oct12.eps>
(epstopdf)             \includegraphics on input line 68.
Package epstopdf Info: Output file is already uptodate.
<./fig/btf_oct12-eps-converted-to.pdf, id=8696, 2602.72375pt x 1952.29375pt>
File: ./fig/btf_oct12-eps-converted-to.pdf Graphic file (type pdf)
<use ./fig/btf_oct12-eps-converted-to.pdf>
Package pdftex.def Info: ./fig/btf_oct12-eps-converted-to.pdf  used on input li
ne 68.
(pdftex.def)             Requested size: 222.0pt x 166.49388pt.
Package epstopdf Info: Source file: <./fig/btf_etot_1876_2_6.eps>
(epstopdf)                    date: 2019-10-02 18:48:42
(epstopdf)                    size: 18165 bytes
(epstopdf)             Output file: <./fig/btf_etot_1876_2_6-eps-converted-to.p
df>
(epstopdf)                    date: 2019-10-02 18:48:58
(epstopdf)                    size: 15675 bytes
(epstopdf)             Command: <repstopdf --outfile=./fig/btf_etot_1876_2_6-ep
s-converted-to.pdf ./fig/btf_etot_1876_2_6.eps>
(epstopdf)             \includegraphics on input line 85.
Package epstopdf Info: Output file is already uptodate.
<./fig/btf_etot_1876_2_6-eps-converted-to.pdf, id=8698, 569.12625pt x 360.34625
pt>
File: ./fig/btf_etot_1876_2_6-eps-converted-to.pdf Graphic file (type pdf)
<use ./fig/btf_etot_1876_2_6-eps-converted-to.pdf>
Package pdftex.def Info: ./fig/btf_etot_1876_2_6-eps-converted-to.pdf  used on 
input line 85.
(pdftex.def)             Requested size: 222.0pt x 140.56195pt.
Package epstopdf Info: Source file: <./fig/btf_linearity_1876_2_6.eps>
(epstopdf)                    date: 2019-10-02 18:48:42
(epstopdf)                    size: 10453 bytes
(epstopdf)             Output file: <./fig/btf_linearity_1876_2_6-eps-converted
-to.pdf>
(epstopdf)                    date: 2019-10-02 18:48:58
(epstopdf)                    size: 11159 bytes
(epstopdf)             Command: <repstopdf --outfile=./fig/btf_linearity_1876_2
_6-eps-converted-to.pdf ./fig/btf_linearity_1876_2_6.eps>
(epstopdf)             \includegraphics on input line 125.
Package epstopdf Info: Output file is already uptodate.
<./fig/btf_linearity_1876_2_6-eps-converted-to.pdf, id=8701, 569.12625pt x 360.
34625pt>
File: ./fig/btf_linearity_1876_2_6-eps-converted-to.pdf Graphic file (type pdf)

<use ./fig/btf_linearity_1876_2_6-eps-converted-to.pdf>
Package pdftex.def Info: ./fig/btf_linearity_1876_2_6-eps-converted-to.pdf  use
d on input line 125.
(pdftex.def)             Requested size: 222.0pt x 140.56195pt.
 [12 <./fig/btf_oct12-eps-converted-to.pdf> <./fig/btf_etot_1876_2_6-eps-conver
ted-to.pdf>]
Package epstopdf Info: Source file: <./fig/btf_resolution.eps>
(epstopdf)                    date: 2019-10-02 18:48:42
(epstopdf)                    size: 9931 bytes
(epstopdf)             Output file: <./fig/btf_resolution-eps-converted-to.pdf>

(epstopdf)                    date: 2019-10-02 18:48:59
(epstopdf)                    size: 13662 bytes
(epstopdf)             Command: <repstopdf --outfile=./fig/btf_resolution-eps-c
onverted-to.pdf ./fig/btf_resolution.eps>
(epstopdf)             \includegraphics on input line 150.
Package epstopdf Info: Output file is already uptodate.
<./fig/btf_resolution-eps-converted-to.pdf, id=8726, 569.12625pt x 360.34625pt>

File: ./fig/btf_resolution-eps-converted-to.pdf Graphic file (type pdf)
<use ./fig/btf_resolution-eps-converted-to.pdf>
Package pdftex.def Info: ./fig/btf_resolution-eps-converted-to.pdf  used on inp
ut line 150.
(pdftex.def)             Requested size: 222.0pt x 140.56195pt.
) (/Users/devita/clas12Nim/ft/calibration.tex

Package natbib Warning: Citation `daq' on page 13 undefined on input line 14.


Package natbib Warning: Citation `reconstruction' on page 13 undefined on input
 line 14.

<fig/ftcal_pulserrun.pdf, id=8728, 597.23125pt x 845.1575pt>
File: fig/ftcal_pulserrun.pdf Graphic file (type pdf)
<use fig/ftcal_pulserrun.pdf>
Package pdftex.def Info: fig/ftcal_pulserrun.pdf  used on input line 17.
(pdftex.def)             Requested size: 156.87123pt x 222.0pt.
[13 <./fig/btf_linearity_1876_2_6-eps-converted-to.pdf> <./fig/btf_resolution-e
ps-converted-to.pdf>]
<fig/ftcal_ledrun.pdf, id=8758, 597.23125pt x 845.1575pt>
File: fig/ftcal_ledrun.pdf Graphic file (type pdf)
<use fig/ftcal_ledrun.pdf>
Package pdftex.def Info: fig/ftcal_ledrun.pdf  used on input line 26.
(pdftex.def)             Requested size: 156.87123pt x 222.0pt.


Package natbib Warning: Citation `daq' on page 14 undefined on input line 31.


Package natbib Warning: Citation `trigger' on page 14 undefined on input line 3
1.


Package natbib Warning: Citation `cosmics1' on page 14 undefined on input line 
31.


Package natbib Warning: Citation `cosmics2' on page 14 undefined on input line 
31.

<fig/ftcal_cosmicview.pdf, id=8759, 597.23125pt x 845.1575pt>
File: fig/ftcal_cosmicview.pdf Graphic file (type pdf)
<use fig/ftcal_cosmicview.pdf>
Package pdftex.def Info: fig/ftcal_cosmicview.pdf  used on input line 33.
(pdftex.def)             Requested size: 90.98422pt x 128.7604pt.
<fig/ftcal_cosmiccharge.png, id=8760, 564.1075pt x 525.965pt>
File: fig/ftcal_cosmiccharge.png Graphic file (type png)
<use fig/ftcal_cosmiccharge.png>
Package pdftex.def Info: fig/ftcal_cosmiccharge.png  used on input line 34.
(pdftex.def)             Requested size: 119.04277pt x 111.0pt.

Underfull \vbox (badness 1515) has occurred while \output is active []


Underfull \vbox (badness 1490) has occurred while \output is active []

 [14 </Users/devita/clas12Nim/ft/fig/ftcal_pulserrun.pdf> </Users/devita/clas12
Nim/ft/fig/ftcal_ledrun.pdf>]
<fig/fthodo_spe.pdf, id=8798, 844.02534pt x 430.54167pt>
File: fig/fthodo_spe.pdf Graphic file (type pdf)
<use fig/fthodo_spe.pdf>
Package pdftex.def Info: fig/fthodo_spe.pdf  used on input line 43.
(pdftex.def)             Requested size: 222.0pt x 113.23895pt.

Underfull \vbox (badness 1337) has occurred while \output is active []



Package natbib Warning: Citation `mm' on page 15 undefined on input line 51.


LaTeX Warning: Reference `fig:fthodo_gainmatch.pdf' on page 15 undefined on inp
ut line 56.

<fig/fthodo_gainmatch.pdf, id=8800, 569.12625pt x 325.215pt>
File: fig/fthodo_gainmatch.pdf Graphic file (type pdf)
<use fig/fthodo_gainmatch.pdf>
Package pdftex.def Info: fig/fthodo_gainmatch.pdf  used on input line 58.
(pdftex.def)             Requested size: 222.0pt x 126.85814pt.

LaTeX Warning: File `fig/ftcal_elasticcal.pdf' not found on input line 67.


! Package pdftex.def Error: File `fig/ftcal_elasticcal.pdf' not found: using dr
aft setting.

See the pdftex.def package documentation for explanation.
Type  H <return>  for immediate help.
 ...                                              
                                                  
l.67 ...1.0\columnwidth]{fig/ftcal_elasticcal.pdf}
                                                  
Try typing  <return>  to proceed.
If that doesn't work, type  X <return>  to quit.


LaTeX Warning: Reference `fig:ftcal_elastic' on page 15 undefined on input line
 71.

<fig/ftcal_elasticres.pdf, id=8802, 459.02592pt x 541.37039pt>
File: fig/ftcal_elasticres.pdf Graphic file (type pdf)
<use fig/ftcal_elasticres.pdf>
Package pdftex.def Info: fig/ftcal_elasticres.pdf  used on input line 73.
(pdftex.def)             Requested size: 188.22986pt x 222.0pt.
[15 </Users/devita/clas12Nim/ft/fig/ftcal_cosmicview.pdf> </Users/devita/clas12
Nim/ft/fig/ftcal_cosmiccharge.png> </Users/devita/clas12Nim/ft/fig/fthodo_spe.p
df>] [16 </Users/devita/clas12Nim/ft/fig/fthodo_gainmatch.pdf, page is rotated 
90 degrees> </Users/devita/clas12Nim/ft/fig/ftcal_elasticres.pdf>]

pdfTeX warning: pdflatex (file /Users/devita/clas12Nim/ft/fig/ftcal_pi0.pdf): P
DF inclusion: found PDF version <1.6>, but at most version <1.5> allowed
<fig/ftcal_pi0.pdf, id=8929, 959.16559pt x 452.10214pt>
File: fig/ftcal_pi0.pdf Graphic file (type pdf)
<use fig/ftcal_pi0.pdf>
Package pdftex.def Info: fig/ftcal_pi0.pdf  used on input line 87.
(pdftex.def)             Requested size: 216.65181pt x 102.12149pt.
<fig/ftcal_pi0linearity.png, id=8930, 557.08125pt x 548.0475pt>
File: fig/ftcal_pi0linearity.png Graphic file (type png)
<use fig/ftcal_pi0linearity.png>
Package pdftex.def Info: fig/ftcal_pi0linearity.png  used on input line 93.
(pdftex.def)             Requested size: 108.31165pt x 106.55905pt.
<fig/ftcal_pi0resolution.png, id=8931, 557.08125pt x 546.04pt>
File: fig/ftcal_pi0resolution.png Graphic file (type png)
<use fig/ftcal_pi0resolution.png>
Package pdftex.def Info: fig/ftcal_pi0resolution.png  used on input line 94.
(pdftex.def)             Requested size: 108.71115pt x 106.55905pt.
<fig/fthodo_mips.pdf, id=8933, 550.27605pt x 262.52692pt>
File: fig/fthodo_mips.pdf Graphic file (type pdf)
<use fig/fthodo_mips.pdf>
Package pdftex.def Info: fig/fthodo_mips.pdf  used on input line 101.
(pdftex.def)             Requested size: 222.0pt x 105.9102pt.

Package natbib Warning: Citation `ftof' on page 17 undefined on input line 106.


[17 </Users/devita/clas12Nim/ft/fig/ftcal_pi0.pdf> </Users/devita/clas12Nim/ft/
fig/ftcal_pi0linearity.png> </Users/devita/clas12Nim/ft/fig/ftcal_pi0resolution
.png> </Users/devita/clas12Nim/ft/fig/fthodo_mips.pdf>]
<fig/fthodo_time.pdf, id=9057, 552.65364pt x 244.60594pt>
File: fig/fthodo_time.pdf Graphic file (type pdf)
<use fig/fthodo_time.pdf>
Package pdftex.def Info: fig/fthodo_time.pdf  used on input line 110.
(pdftex.def)             Requested size: 222.0pt x 98.25865pt.

Underfull \vbox (badness 2150) has occurred while \output is active []

<fig/ftcal_twbefore.png, id=9059, 601.24625pt x 536.0025pt>
File: fig/ftcal_twbefore.png Graphic file (type png)
<use fig/ftcal_twbefore.png>
Package pdftex.def Info: fig/ftcal_twbefore.png  used on input line 118.
(pdftex.def)             Requested size: 104.58664pt x 93.2396pt.
<fig/ftcal_twfit.png, id=9060, 604.2575pt x 533.995pt>
File: fig/ftcal_twfit.png Graphic file (type png)
<use fig/ftcal_twfit.png>
Package pdftex.def Info: fig/ftcal_twfit.png  used on input line 119.
(pdftex.def)             Requested size: 105.50691pt x 93.2396pt.
<fig/ftcal_twafter.png, id=9061, 602.25pt x 536.0025pt>
File: fig/ftcal_twafter.png Graphic file (type png)
<use fig/ftcal_twafter.png>
Package pdftex.def Info: fig/ftcal_twafter.png  used on input line 120.
(pdftex.def)             Requested size: 104.76125pt x 93.2396pt.
<fig/ftcal_timefinal.png, id=9062, 602.25pt x 536.0025pt>
File: fig/ftcal_timefinal.png Graphic file (type png)
<use fig/ftcal_timefinal.png>
Package pdftex.def Info: fig/ftcal_timefinal.png  used on input line 121.
(pdftex.def)             Requested size: 104.76125pt x 93.2396pt.

Underfull \hbox (badness 10000) in paragraph at lines 118--122
[][] []
 []

) (/Users/devita/clas12Nim/ft/simulations.tex

Package natbib Warning: Citation `gemc' on page 18 undefined on input line 4.


Package natbib Warning: Citation `ft-tdr' on page 18 undefined on input line 7.



Package hyperref Warning: Difference (2) between bookmark levels is greater 
(hyperref)                than one, level fixed on input line 9.

[18 </Users/devita/clas12Nim/ft/fig/fthodo_time.pdf> </Users/devita/clas12Nim/f
t/fig/ftcal_twbefore.png> </Users/devita/clas12Nim/ft/fig/ftcal_twfit.png> </Us
ers/devita/clas12Nim/ft/fig/ftcal_twafter.png> </Users/devita/clas12Nim/ft/fig/
ftcal_timefinal.png>]
Package epstopdf Info: Source file: <fig/gemc_leakage.eps>
(epstopdf)                    date: 2019-10-02 18:48:42
(epstopdf)                    size: 209316 bytes
(epstopdf)             Output file: <fig/gemc_leakage-eps-converted-to.pdf>
(epstopdf)                    date: 2019-10-02 18:48:59
(epstopdf)                    size: 43667 bytes
(epstopdf)             Command: <repstopdf --outfile=fig/gemc_leakage-eps-conve
rted-to.pdf fig/gemc_leakage.eps>
(epstopdf)             \includegraphics on input line 21.
Package epstopdf Info: Output file is already uptodate.
<fig/gemc_leakage-eps-converted-to.pdf, id=9104, 569.12625pt x 541.02126pt>
File: fig/gemc_leakage-eps-converted-to.pdf Graphic file (type pdf)
<use fig/gemc_leakage-eps-converted-to.pdf>
Package pdftex.def Info: fig/gemc_leakage-eps-converted-to.pdf  used on input l
ine 21.
(pdftex.def)             Requested size: 233.52563pt x 222.0pt.

Overfull \hbox (11.52563pt too wide) in paragraph at lines 21--28
[][] 
 []

Package epstopdf Info: Source file: <fig/ft_rad.eps>
(epstopdf)                    date: 2019-10-02 18:48:42
(epstopdf)                    size: 18518 bytes
(epstopdf)             Output file: <fig/ft_rad-eps-converted-to.pdf>
(epstopdf)                    date: 2019-10-02 18:49:00
(epstopdf)                    size: 7179 bytes
(epstopdf)             Command: <repstopdf --outfile=fig/ft_rad-eps-converted-t
o.pdf fig/ft_rad.eps>
(epstopdf)             \includegraphics on input line 42.
Package epstopdf Info: Output file is already uptodate.
<fig/ft_rad-eps-converted-to.pdf, id=9106, 569.12625pt x 541.02126pt>
File: fig/ft_rad-eps-converted-to.pdf Graphic file (type pdf)
<use fig/ft_rad-eps-converted-to.pdf>
Package pdftex.def Info: fig/ft_rad-eps-converted-to.pdf  used on input line 42
.
(pdftex.def)             Requested size: 233.52563pt x 222.0pt.

Overfull \hbox (11.52563pt too wide) in paragraph at lines 42--43
[][] 
 []

) (/Users/devita/clas12Nim/ft/reconstruction.tex)
(/Users/devita/clas12Nim/ft/performance.tex)
(/Users/devita/clas12Nim/ft/conclusions.tex)
(/Users/devita/clas12Nim/ft/acknowledgments.tex
Underfull \vbox (badness 10000) has occurred while \output is active []

 [19 </Users/devita/clas12Nim/ft/fig/gemc_leakage-eps-converted-to.pdf> </Users
/devita/clas12Nim/ft/fig/ft_rad-eps-converted-to.pdf>])
(/Users/devita/clas12Nim/ft/main.bbl)

Package natbib Warning: There were undefined citations.

Package atveryend Info: Empty hook `BeforeClearDocument' on input line 77.
[20

]
Package atveryend Info: Empty hook `AfterLastShipout' on input line 77.
 (/Users/devita/clas12Nim/ft/main.aux)
Package atveryend Info: Executing hook `AtVeryEndDocument' on input line 77.
Package atveryend Info: Executing hook `AtEndAfterFileList' on input line 77.
Package rerunfilecheck Info: File `main.out' has not changed.
(rerunfilecheck)             Checksum: ADD6DC08DCA892A53ED93046267D17FF;2038.


LaTeX Warning: There were undefined references.

Package atveryend Info: Empty hook `AtVeryVeryEnd' on input line 77.
 ) 
Here is how much of TeX's memory you used:
 8478 strings out of 492616
 123757 string characters out of 6129482
 226586 words of memory out of 5000000
 12073 multiletter control sequences out of 15000+600000
 44599 words of font info for 108 fonts, out of 8000000 for 9000
 1141 hyphenation exceptions out of 8191
 32i,8n,35p,1865b,380s stack positions out of 5000i,500n,10000p,200000b,80000s
{/usr/local/texlive/2019/texmf-dist/fonts/enc/dvips/base/8r.enc}</usr/local/t
exlive/2019/texmf-dist/fonts/type1/public/amsfonts/cm/cmbx12.pfb></usr/local/te
xlive/2019/texmf-dist/fonts/type1/public/amsfonts/cm/cmmi12.pfb></usr/local/tex
live/2019/texmf-dist/fonts/type1/public/amsfonts/cm/cmmi6.pfb></usr/local/texli
ve/2019/texmf-dist/fonts/type1/public/amsfonts/cm/cmmi8.pfb></usr/local/texlive
/2019/texmf-dist/fonts/type1/public/amsfonts/cm/cmr12.pfb></usr/local/texlive/2
019/texmf-dist/fonts/type1/public/amsfonts/cm/cmr8.pfb></usr/local/texlive/2019
/texmf-dist/fonts/type1/public/amsfonts/cm/cmsy10.pfb></usr/local/texlive/2019/
texmf-dist/fonts/type1/public/amsfonts/cm/cmtt10.pfb></usr/local/texlive/2019/t
exmf-dist/fonts/type1/public/amsfonts/cm/cmtt8.pfb></usr/local/texlive/2019/tex
mf-dist/fonts/type1/public/txfonts/rtcxr.pfb></usr/local/texlive/2019/texmf-dis
t/fonts/type1/public/txfonts/rtxi.pfb></usr/local/texlive/2019/texmf-dist/fonts
/type1/public/txfonts/rtxmi.pfb></usr/local/texlive/2019/texmf-dist/fonts/type1
/public/txfonts/rtxr.pfb></usr/local/texlive/2019/texmf-dist/fonts/type1/public
/txfonts/txsy.pfb></usr/local/texlive/2019/texmf-dist/fonts/type1/urw/helvetic/
uhvr8a.pfb></usr/local/texlive/2019/texmf-dist/fonts/type1/urw/times/utmb8a.pfb
></usr/local/texlive/2019/texmf-dist/fonts/type1/urw/times/utmr8a.pfb></usr/loc
al/texlive/2019/texmf-dist/fonts/type1/urw/times/utmri8a.pfb>
Output written on main.pdf (20 pages, 14426665 bytes).
PDF statistics:
 9205 PDF objects out of 10688 (max. 8388607)
 4790 compressed objects within 48 object streams
 112 named destinations out of 1000 (max. 500000)
 410 words of extra memory for PDF output out of 10000 (max. 10000000)

