\BOOKMARK [1][-]{section.1}{Introduction}{}% 1
\BOOKMARK [1][-]{section.2}{Detector layout}{}% 2
\BOOKMARK [2][-]{subsection.2.1}{The EM calorimeter \(FT-Cal\)}{section.2}% 3
\BOOKMARK [3][-]{subsubsection.2.1.1}{Geometry and coverage}{subsection.2.1}% 4
\BOOKMARK [3][-]{subsubsection.2.1.2}{PbWO4 crystals}{subsection.2.1}% 5
\BOOKMARK [3][-]{subsubsection.2.1.3}{Light readout and electronics }{subsection.2.1}% 6
\BOOKMARK [3][-]{subsubsection.2.1.4}{Light Monitoring System}{subsection.2.1}% 7
\BOOKMARK [3][-]{subsubsection.2.1.5}{Slow controls}{subsection.2.1}% 8
\BOOKMARK [3][-]{subsubsection.2.1.6}{Mechanical design}{subsection.2.1}% 9
\BOOKMARK [2][-]{subsection.2.2}{The hodoscope \(FT-Hodo\)}{section.2}% 10
\BOOKMARK [2][-]{subsection.2.3}{The MicroMegas tracker \(FT-Trck\)}{section.2}% 11
\BOOKMARK [1][-]{section.3}{Integration in CLAS12}{}% 12
\BOOKMARK [2][-]{subsection.3.1}{Constraints from other sub-detectors}{section.3}% 13
\BOOKMARK [2][-]{subsection.3.2}{Cabling and services routing}{section.3}% 14
\BOOKMARK [1][-]{section.4}{FT prototypes}{}% 15
\BOOKMARK [2][-]{subsubsection.4.0.1}{The 16-channels prototype}{section.4}% 16
\BOOKMARK [1][-]{section.5}{Detector calibration and commissioning}{}% 17
\BOOKMARK [2][-]{subsection.5.1}{Pre-beam calibration}{section.5}% 18
\BOOKMARK [3][-]{subsubsection.5.1.1}{FT-Cal pre-beam calibration}{subsection.5.1}% 19
\BOOKMARK [3][-]{subsubsection.5.1.2}{FT-Hodo pre-beam calibration}{subsection.5.1}% 20
\BOOKMARK [3][-]{subsubsection.5.1.3}{FT-Trk pre-beam calibration}{subsection.5.1}% 21
\BOOKMARK [2][-]{subsection.5.2}{On-beam calibration and commissioning}{section.5}% 22
\BOOKMARK [1][-]{section.6}{Simulations}{}% 23
\BOOKMARK [2][-]{subsubsection.6.0.1}{Leakage corrections}{section.6}% 24
\BOOKMARK [3][-]{subsubsection.6.0.2}{Electromagnetic background and radiation dose}{subsubsection.6.0.1}% 25
\BOOKMARK [1][-]{section.7}{Data reconstruction}{}% 26
\BOOKMARK [1][-]{section.8}{Detector performance}{}% 27
\BOOKMARK [1][-]{section.9}{Conclusions}{}% 28
