\BOOKMARK [1][-]{section.1}{Overview}{}% 1
\BOOKMARK [1][-]{section.2}{Requirements}{}% 2
\BOOKMARK [1][-]{section.3}{Design}{}% 3
\BOOKMARK [2][-]{subsection.3.1}{Stage 1}{section.3}% 4
\BOOKMARK [3][-]{subsubsection.3.1.1}{Electromagnetic calorimeters}{subsection.3.1}% 5
\BOOKMARK [3][-]{subsubsection.3.1.2}{Drift Chamber}{subsection.3.1}% 6
\BOOKMARK [3][-]{subsubsection.3.1.3}{High Threshold Cherenkov Counter}{subsection.3.1}% 7
\BOOKMARK [3][-]{subsubsection.3.1.4}{Forward Time-Of-Flight Counter}{subsection.3.1}% 8
\BOOKMARK [3][-]{subsubsection.3.1.5}{Central Time-Of-Flight Counter}{subsection.3.1}% 9
\BOOKMARK [3][-]{subsubsection.3.1.6}{Neutron Detector}{subsection.3.1}% 10
\BOOKMARK [3][-]{subsubsection.3.1.7}{Forward Calorimeter and Hodoscope}{subsection.3.1}% 11
\BOOKMARK [2][-]{subsection.3.2}{Stage 2}{section.3}% 12
\BOOKMARK [2][-]{subsection.3.3}{Stage 3}{section.3}% 13
\BOOKMARK [1][-]{section.4}{Hardware Implementation}{}% 14
\BOOKMARK [1][-]{section.5}{High Level Synthesis in CLAS12 Trigger System development}{}% 15
\BOOKMARK [2][-]{subsection.5.1}{Our motivation to use HLS}{section.5}% 16
\BOOKMARK [2][-]{subsection.5.2}{Trigger components implemented with HLS}{section.5}% 17
\BOOKMARK [2][-]{subsection.5.3}{CLAS12 Electromagnetic Calorimeters}{section.5}% 18
\BOOKMARK [2][-]{subsection.5.4}{HLS Settings}{section.5}% 19
\BOOKMARK [2][-]{subsection.5.5}{VIVADO Settings}{section.5}% 20
\BOOKMARK [2][-]{subsection.5.6}{Firmware validation}{section.5}% 21
\BOOKMARK [2][-]{subsection.5.7}{Our conclusion about HLS Usage}{section.5}% 22
\BOOKMARK [1][-]{section.6}{Software}{}% 23
\BOOKMARK [2][-]{subsection.6.1}{Development Software}{section.6}% 24
\BOOKMARK [2][-]{subsection.6.2}{Operational Software}{section.6}% 25
\BOOKMARK [2][-]{subsection.6.3}{Configuration Software}{section.6}% 26
\BOOKMARK [1][-]{section.7}{Simulation}{}% 27
\BOOKMARK [1][-]{section.8}{Validation}{}% 28
\BOOKMARK [2][-]{subsection.8.1}{Validation during design phase}{section.8}% 29
\BOOKMARK [1][-]{section.9}{Validation of the installed system using cosmic runs}{}% 30
\BOOKMARK [1][-]{section.10}{Validation on beam during CLAS12 detector commissioning}{}% 31
\BOOKMARK [1][-]{section.11}{Validation for different experiments}{}% 32
\BOOKMARK [1][-]{section.12}{Performance}{}% 33
\BOOKMARK [1][-]{section.13}{Acknowledgements}{}% 34
\BOOKMARK [1][-]{section.14}{Conclusion}{}% 35
\BOOKMARK [1][-]{section.15}{References}{}% 36
