\BOOKMARK [1][-]{section.1}{Overview}{}% 1
\BOOKMARK [1][-]{section.2}{Requirements}{}% 2
\BOOKMARK [2][-]{subsection.2.1}{Constraints}{section.2}% 3
\BOOKMARK [1][-]{section.3}{Design}{}% 4
\BOOKMARK [1][-]{section.4}{Hardware Components and Construction}{}% 5
\BOOKMARK [1][-]{section.5}{Electronics and readout}{}% 6
\BOOKMARK [1][-]{section.6}{Calibration}{}% 7
\BOOKMARK [2][-]{subsection.6.1}{Timing calibration}{section.6}% 8
\BOOKMARK [3][-]{subsubsection.6.1.1}{Left-right timing offset }{subsection.6.1}% 9
\BOOKMARK [3][-]{subsubsection.6.1.2}{Effective velocity }{subsection.6.1}% 10
\BOOKMARK [3][-]{subsubsection.6.1.3}{U-turn propagation time}{subsection.6.1}% 11
\BOOKMARK [3][-]{subsubsection.6.1.4}{Global time offset}{subsection.6.1}% 12
\BOOKMARK [2][-]{subsection.6.2}{Energy calibration}{section.6}% 13
\BOOKMARK [3][-]{subsubsection.6.2.1}{Attenuation length }{subsection.6.2}% 14
\BOOKMARK [3][-]{subsubsection.6.2.2}{Energy calibration }{subsection.6.2}% 15
\BOOKMARK [1][-]{section.7}{Reconstruction}{}% 16
\BOOKMARK [2][-]{subsection.7.1}{Energy reconstruction}{section.7}% 17
\BOOKMARK [2][-]{subsection.7.2}{Hit position and time reconstrution}{section.7}% 18
\BOOKMARK [2][-]{subsection.7.3}{Hit/Track matching}{section.7}% 19
\BOOKMARK [1][-]{section.8}{Simulation}{}% 20
\BOOKMARK [2][-]{subsection.8.1}{CND-based veto of charged particles}{section.8}% 21
\BOOKMARK [1][-]{section.9}{Performance}{}% 22
\BOOKMARK [1][-]{section.10}{Acknowledgements}{}% 23
\BOOKMARK [1][-]{section.11}{Conclusion}{}% 24
\BOOKMARK [1][-]{section.12}{References}{}% 25
